info: Microsoft.Hosting.Lifetime[0]
      Application started. Press Ctrl+C to shut down.
info: Microsoft.Hosting.Lifetime[0]
      Hosting environment: Production
info: Microsoft.Hosting.Lifetime[0]
      Content root path: C:\Users\Owner\Documents\SA_Projects\CS7319_Project\7319\REST\Dist
warn: Microsoft.EntityFrameworkCore.Model.Validation[10400]
      Sensitive data logging is enabled. Log entries and exception messages may include sensitive application data; this mode should only be enabled during development.
warn: Microsoft.EntityFrameworkCore.Query[20504]
      Compiling a query which loads related collections for more than one collection navigation, either via 'Include' or through projection, but no 'QuerySplittingBehavior' has been configured. By default, Entity Framework will use 'QuerySplittingBehavior.SingleQuery', which can potentially result in slow query performance. See https://go.microsoft.com/fwlink/?linkid=2134277 for more information. To identify the query that's triggering this warning call 'ConfigureWarnings(w => w.Throw(RelationalEventId.MultipleCollectionIncludeWarning))'.
info: Microsoft.EntityFrameworkCore.Database.Command[20101]
      Executed DbCommand (4ms) [Parameters=[], CommandType='Text', CommandTimeout='30']
      SELECT `u`.`userId` AS `UserId`, `u`.`username` AS `UserName`, `u`.`email` AS `Email`, `u`.`active` AS `Active`, `u`.`status` AS `Status`, `u`.`picture` AS `Picture`, `u`.`DisplayName`
      FROM `user` AS `u`
      WHERE `u`.`active` = 1
info: Microsoft.EntityFrameworkCore.Database.Command[20101]
      Executed DbCommand (4ms) [Parameters=[@___currentUser_UserName_0='github|70110830' (Size = -1)], CommandType='Text', CommandTimeout='30']
      SELECT `u`.`userId`, `u`.`active`, `u`.`DisplayName`, `u`.`email`, `u`.`picture`, `u`.`status`, `u`.`username`
      FROM `user` AS `u`
      WHERE `u`.`username` = @___currentUser_UserName_0
      LIMIT 1
info: Microsoft.EntityFrameworkCore.Database.Command[20101]
      Executed DbCommand (4ms) [Parameters=[@___currentUser_UserName_0='github|70110830' (Size = -1)], CommandType='Text', CommandTimeout='30']
      SELECT `u`.`sessionId`, `u`.`createdOn`, `s0`.`modifiedOn`, `u`.`userSessionId`, `u0`.`userId`, `s`.`sessionId`, `s0`.`sessionId`, `t`.`UserId`, `t`.`UserName`, `t`.`Email`, `t`.`Status`, `t`.`Picture`, `t`.`Active`, `t`.`userSessionId`, `t`.`userId0`, `m`.`messageId`, `m`.`content`, `m`.`createdOn`, `m`.`isRead`, `m`.`userId`
      FROM `usersession` AS `u`
      INNER JOIN `user` AS `u0` ON `u`.`userId` = `u0`.`userId`
      INNER JOIN `session` AS `s` ON `u`.`sessionId` = `s`.`sessionId`
      INNER JOIN `session` AS `s0` ON `u`.`sessionId` = `s0`.`sessionId`
      LEFT JOIN (
          SELECT `u1`.`userId` AS `UserId`, `u2`.`username` AS `UserName`, `u2`.`email` AS `Email`, `u2`.`status` AS `Status`, `u2`.`picture` AS `Picture`, `u2`.`active` AS `Active`, `u1`.`userSessionId`, `u2`.`userId` AS `userId0`, `u1`.`sessionId`
          FROM `usersession` AS `u1`
          INNER JOIN `user` AS `u2` ON `u1`.`userId` = `u2`.`userId`
      ) AS `t` ON `s`.`sessionId` = `t`.`sessionId`
      LEFT JOIN `message` AS `m` ON `s`.`sessionId` = `m`.`sessionId`
      WHERE `u0`.`username` = @___currentUser_UserName_0
      ORDER BY `u`.`userSessionId`, `u0`.`userId`, `s`.`sessionId`, `s0`.`sessionId`, `t`.`userSessionId`, `t`.`userId0`
info: Microsoft.EntityFrameworkCore.Database.Command[20101]
      Executed DbCommand (0ms) [Parameters=[@___currentUser_UserName_0='github|70110830' (Size = -1)], CommandType='Text', CommandTimeout='30']
      SELECT `u`.`userId`, `u`.`active`, `u`.`DisplayName`, `u`.`email`, `u`.`picture`, `u`.`status`, `u`.`username`
      FROM `user` AS `u`
      WHERE `u`.`username` = @___currentUser_UserName_0
      LIMIT 1
info: Microsoft.EntityFrameworkCore.Database.Command[20101]
      Executed DbCommand (0ms) [Parameters=[], CommandType='Text', CommandTimeout='30']
      SELECT `u`.`userId` AS `UserId`, `u`.`username` AS `UserName`, `u`.`email` AS `Email`, `u`.`active` AS `Active`, `u`.`status` AS `Status`, `u`.`picture` AS `Picture`, `u`.`DisplayName`
      FROM `user` AS `u`
      WHERE `u`.`active` = 1
info: Microsoft.EntityFrameworkCore.Database.Command[20101]
      Executed DbCommand (1ms) [Parameters=[@___currentUser_UserName_0='github|70110830' (Size = -1)], CommandType='Text', CommandTimeout='30']
      SELECT `u`.`sessionId`, `u`.`createdOn`, `s0`.`modifiedOn`, `u`.`userSessionId`, `u0`.`userId`, `s`.`sessionId`, `s0`.`sessionId`, `t`.`UserId`, `t`.`UserName`, `t`.`Email`, `t`.`Status`, `t`.`Picture`, `t`.`Active`, `t`.`userSessionId`, `t`.`userId0`, `m`.`messageId`, `m`.`content`, `m`.`createdOn`, `m`.`isRead`, `m`.`userId`
      FROM `usersession` AS `u`
      INNER JOIN `user` AS `u0` ON `u`.`userId` = `u0`.`userId`
      INNER JOIN `session` AS `s` ON `u`.`sessionId` = `s`.`sessionId`
      INNER JOIN `session` AS `s0` ON `u`.`sessionId` = `s0`.`sessionId`
      LEFT JOIN (
          SELECT `u1`.`userId` AS `UserId`, `u2`.`username` AS `UserName`, `u2`.`email` AS `Email`, `u2`.`status` AS `Status`, `u2`.`picture` AS `Picture`, `u2`.`active` AS `Active`, `u1`.`userSessionId`, `u2`.`userId` AS `userId0`, `u1`.`sessionId`
          FROM `usersession` AS `u1`
          INNER JOIN `user` AS `u2` ON `u1`.`userId` = `u2`.`userId`
      ) AS `t` ON `s`.`sessionId` = `t`.`sessionId`
      LEFT JOIN `message` AS `m` ON `s`.`sessionId` = `m`.`sessionId`
      WHERE `u0`.`username` = @___currentUser_UserName_0
      ORDER BY `u`.`userSessionId`, `u0`.`userId`, `s`.`sessionId`, `s0`.`sessionId`, `t`.`userSessionId`, `t`.`userId0`
info: Microsoft.EntityFrameworkCore.Database.Command[20101]
      Executed DbCommand (1ms) [Parameters=[@___currentUser_UserName_0='github|70110830' (Size = -1)], CommandType='Text', CommandTimeout='30']
      SELECT `u`.`sessionId`, `u`.`createdOn`, `s0`.`modifiedOn`, `u`.`userSessionId`, `u0`.`userId`, `s`.`sessionId`, `s0`.`sessionId`, `t`.`UserId`, `t`.`UserName`, `t`.`Email`, `t`.`Status`, `t`.`Picture`, `t`.`Active`, `t`.`userSessionId`, `t`.`userId0`, `m`.`messageId`, `m`.`content`, `m`.`createdOn`, `m`.`isRead`, `m`.`userId`
      FROM `usersession` AS `u`
      INNER JOIN `user` AS `u0` ON `u`.`userId` = `u0`.`userId`
      INNER JOIN `session` AS `s` ON `u`.`sessionId` = `s`.`sessionId`
      INNER JOIN `session` AS `s0` ON `u`.`sessionId` = `s0`.`sessionId`
      LEFT JOIN (
          SELECT `u1`.`userId` AS `UserId`, `u2`.`username` AS `UserName`, `u2`.`email` AS `Email`, `u2`.`status` AS `Status`, `u2`.`picture` AS `Picture`, `u2`.`active` AS `Active`, `u1`.`userSessionId`, `u2`.`userId` AS `userId0`, `u1`.`sessionId`
          FROM `usersession` AS `u1`
          INNER JOIN `user` AS `u2` ON `u1`.`userId` = `u2`.`userId`
      ) AS `t` ON `s`.`sessionId` = `t`.`sessionId`
      LEFT JOIN `message` AS `m` ON `s`.`sessionId` = `m`.`sessionId`
      WHERE `u0`.`username` = @___currentUser_UserName_0
      ORDER BY `u`.`userSessionId`, `u0`.`userId`, `s`.`sessionId`, `s0`.`sessionId`, `t`.`userSessionId`, `t`.`userId0`
info: Microsoft.EntityFrameworkCore.Database.Command[20101]
      Executed DbCommand (1ms) [Parameters=[@___currentUser_UserName_0='github|70110830' (Size = -1)], CommandType='Text', CommandTimeout='30']
      SELECT `u`.`sessionId`, `u`.`createdOn`, `s0`.`modifiedOn`, `u`.`userSessionId`, `u0`.`userId`, `s`.`sessionId`, `s0`.`sessionId`, `t`.`UserId`, `t`.`UserName`, `t`.`Email`, `t`.`Status`, `t`.`Picture`, `t`.`Active`, `t`.`userSessionId`, `t`.`userId0`, `m`.`messageId`, `m`.`content`, `m`.`createdOn`, `m`.`isRead`, `m`.`userId`
      FROM `usersession` AS `u`
      INNER JOIN `user` AS `u0` ON `u`.`userId` = `u0`.`userId`
      INNER JOIN `session` AS `s` ON `u`.`sessionId` = `s`.`sessionId`
      INNER JOIN `session` AS `s0` ON `u`.`sessionId` = `s0`.`sessionId`
      LEFT JOIN (
          SELECT `u1`.`userId` AS `UserId`, `u2`.`username` AS `UserName`, `u2`.`email` AS `Email`, `u2`.`status` AS `Status`, `u2`.`picture` AS `Picture`, `u2`.`active` AS `Active`, `u1`.`userSessionId`, `u2`.`userId` AS `userId0`, `u1`.`sessionId`
          FROM `usersession` AS `u1`
          INNER JOIN `user` AS `u2` ON `u1`.`userId` = `u2`.`userId`
      ) AS `t` ON `s`.`sessionId` = `t`.`sessionId`
      LEFT JOIN `message` AS `m` ON `s`.`sessionId` = `m`.`sessionId`
      WHERE `u0`.`username` = @___currentUser_UserName_0
      ORDER BY `u`.`userSessionId`, `u0`.`userId`, `s`.`sessionId`, `s0`.`sessionId`, `t`.`userSessionId`, `t`.`userId0`
info: Microsoft.EntityFrameworkCore.Database.Command[20101]
      Executed DbCommand (2ms) [Parameters=[@__userId_1='3', @___currentUser_UserName_0='github|70110830' (Size = -1)], CommandType='Text', CommandTimeout='30']
      SELECT `t0`.`sessionId`, `t0`.`createdOn`, `t0`.`modifiedOn`, `t0`.`userId`, `t0`.`username`, `t0`.`email`, `t0`.`status`, `t0`.`picture`, `t0`.`active`, `t0`.`userId0`, `t0`.`username0`, `t0`.`email0`, `t0`.`status0`, `t0`.`picture0`, `t0`.`active0`, `t0`.`userSessionId`, `t0`.`userId1`, `t0`.`userSessionId0`, `t0`.`sessionId0`, `t0`.`userId2`, `m`.`messageId`, `m`.`content`, `m`.`createdOn`, `m`.`isRead`, `m`.`userId`
      FROM (
          SELECT `u`.`sessionId`, `u`.`createdOn`, `s`.`modifiedOn`, `u`.`userId`, `u0`.`username`, `u0`.`email`, `u0`.`status`, `u0`.`picture`, `u0`.`active`, `t`.`userId` AS `userId0`, `u2`.`username` AS `username0`, `u2`.`email` AS `email0`, `u2`.`status` AS `status0`, `u2`.`picture` AS `picture0`, `u2`.`active` AS `active0`, `u`.`userSessionId`, `u0`.`userId` AS `userId1`, `t`.`userSessionId` AS `userSessionId0`, `s`.`sessionId` AS `sessionId0`, `u2`.`userId` AS `userId2`
          FROM `usersession` AS `u`
          INNER JOIN `user` AS `u0` ON `u`.`userId` = `u0`.`userId`
          INNER JOIN (
              SELECT `u1`.`userSessionId`, `u1`.`sessionId`, `u1`.`userId`
              FROM `usersession` AS `u1`
              WHERE `u1`.`userId` = @__userId_1
          ) AS `t` ON `u`.`sessionId` = `t`.`sessionId`
          INNER JOIN `session` AS `s` ON `u`.`sessionId` = `s`.`sessionId`
          INNER JOIN `user` AS `u2` ON `t`.`userId` = `u2`.`userId`
          WHERE `u0`.`username` = @___currentUser_UserName_0
          LIMIT 1
      ) AS `t0`
      LEFT JOIN `message` AS `m` ON `t0`.`sessionId` = `m`.`sessionId`
      ORDER BY `t0`.`userSessionId`, `t0`.`userId1`, `t0`.`userSessionId0`, `t0`.`sessionId0`, `t0`.`userId2`, `m`.`createdOn`
info: Microsoft.EntityFrameworkCore.Database.Command[20101]
      Executed DbCommand (3ms) [Parameters=[@p0='2025-04-13T18:56:07.1807158-05:00' (DbType = DateTime), @p1='2025-04-13T18:56:07.1807375-05:00' (DbType = DateTime)], CommandType='Text', CommandTimeout='30']
      INSERT INTO `session` (`createdOn`, `modifiedOn`)
      VALUES (@p0, @p1);
      SELECT `sessionId`
      FROM `session`
      WHERE ROW_COUNT() = 1 AND `sessionId` = LAST_INSERT_ID();
info: Microsoft.EntityFrameworkCore.Database.Command[20101]
      Executed DbCommand (1ms) [Parameters=[@___currentUser_UserName_0='github|70110830' (Size = -1)], CommandType='Text', CommandTimeout='30']
      SELECT `u`.`userId`, `u`.`active`, `u`.`DisplayName`, `u`.`email`, `u`.`picture`, `u`.`status`, `u`.`username`
      FROM `user` AS `u`
      WHERE `u`.`username` = @___currentUser_UserName_0
      LIMIT 1
info: Microsoft.EntityFrameworkCore.Database.Command[20101]
      Executed DbCommand (1ms) [Parameters=[@p0='2025-04-13T18:56:07.2634201-05:00' (DbType = DateTime), @p1='11', @p2='3', @p3='2025-04-13T18:56:07.2812894-05:00' (DbType = DateTime), @p4='11', @p5='4'], CommandType='Text', CommandTimeout='30']
      INSERT INTO `usersession` (`createdOn`, `sessionId`, `userId`)
      VALUES (@p0, @p1, @p2);
      SELECT `userSessionId`
      FROM `usersession`
      WHERE ROW_COUNT() = 1 AND `userSessionId` = LAST_INSERT_ID();
      
      INSERT INTO `usersession` (`createdOn`, `sessionId`, `userId`)
      VALUES (@p3, @p4, @p5);
      SELECT `userSessionId`
      FROM `usersession`
      WHERE ROW_COUNT() = 1 AND `userSessionId` = LAST_INSERT_ID();
info: Microsoft.EntityFrameworkCore.Database.Command[20101]
      Executed DbCommand (2ms) [Parameters=[@__userId_1='3', @___currentUser_UserName_0='github|70110830' (Size = -1)], CommandType='Text', CommandTimeout='30']
      SELECT `t0`.`sessionId`, `t0`.`createdOn`, `t0`.`modifiedOn`, `t0`.`userId`, `t0`.`username`, `t0`.`email`, `t0`.`status`, `t0`.`picture`, `t0`.`active`, `t0`.`userId0`, `t0`.`username0`, `t0`.`email0`, `t0`.`status0`, `t0`.`picture0`, `t0`.`active0`, `t0`.`userSessionId`, `t0`.`userId1`, `t0`.`userSessionId0`, `t0`.`sessionId0`, `t0`.`userId2`, `m`.`messageId`, `m`.`content`, `m`.`createdOn`, `m`.`isRead`, `m`.`userId`
      FROM (
          SELECT `u`.`sessionId`, `u`.`createdOn`, `s`.`modifiedOn`, `u`.`userId`, `u0`.`username`, `u0`.`email`, `u0`.`status`, `u0`.`picture`, `u0`.`active`, `t`.`userId` AS `userId0`, `u2`.`username` AS `username0`, `u2`.`email` AS `email0`, `u2`.`status` AS `status0`, `u2`.`picture` AS `picture0`, `u2`.`active` AS `active0`, `u`.`userSessionId`, `u0`.`userId` AS `userId1`, `t`.`userSessionId` AS `userSessionId0`, `s`.`sessionId` AS `sessionId0`, `u2`.`userId` AS `userId2`
          FROM `usersession` AS `u`
          INNER JOIN `user` AS `u0` ON `u`.`userId` = `u0`.`userId`
          INNER JOIN (
              SELECT `u1`.`userSessionId`, `u1`.`sessionId`, `u1`.`userId`
              FROM `usersession` AS `u1`
              WHERE `u1`.`userId` = @__userId_1
          ) AS `t` ON `u`.`sessionId` = `t`.`sessionId`
          INNER JOIN `session` AS `s` ON `u`.`sessionId` = `s`.`sessionId`
          INNER JOIN `user` AS `u2` ON `t`.`userId` = `u2`.`userId`
          WHERE `u0`.`username` = @___currentUser_UserName_0
          LIMIT 1
      ) AS `t0`
      LEFT JOIN `message` AS `m` ON `t0`.`sessionId` = `m`.`sessionId`
      ORDER BY `t0`.`userSessionId`, `t0`.`userId1`, `t0`.`userSessionId0`, `t0`.`sessionId0`, `t0`.`userId2`, `m`.`createdOn`
info: Microsoft.EntityFrameworkCore.Database.Command[20101]
      Executed DbCommand (2ms) [Parameters=[@___currentUser_UserName_0='github|70110830' (Size = -1)], CommandType='Text', CommandTimeout='30']
      SELECT `u`.`sessionId`, `u`.`createdOn`, `s0`.`modifiedOn`, `u`.`userSessionId`, `u0`.`userId`, `s`.`sessionId`, `s0`.`sessionId`, `t`.`UserId`, `t`.`UserName`, `t`.`Email`, `t`.`Status`, `t`.`Picture`, `t`.`Active`, `t`.`userSessionId`, `t`.`userId0`, `m`.`messageId`, `m`.`content`, `m`.`createdOn`, `m`.`isRead`, `m`.`userId`
      FROM `usersession` AS `u`
      INNER JOIN `user` AS `u0` ON `u`.`userId` = `u0`.`userId`
      INNER JOIN `session` AS `s` ON `u`.`sessionId` = `s`.`sessionId`
      INNER JOIN `session` AS `s0` ON `u`.`sessionId` = `s0`.`sessionId`
      LEFT JOIN (
          SELECT `u1`.`userId` AS `UserId`, `u2`.`username` AS `UserName`, `u2`.`email` AS `Email`, `u2`.`status` AS `Status`, `u2`.`picture` AS `Picture`, `u2`.`active` AS `Active`, `u1`.`userSessionId`, `u2`.`userId` AS `userId0`, `u1`.`sessionId`
          FROM `usersession` AS `u1`
          INNER JOIN `user` AS `u2` ON `u1`.`userId` = `u2`.`userId`
      ) AS `t` ON `s`.`sessionId` = `t`.`sessionId`
      LEFT JOIN `message` AS `m` ON `s`.`sessionId` = `m`.`sessionId`
      WHERE `u0`.`username` = @___currentUser_UserName_0
      ORDER BY `u`.`userSessionId`, `u0`.`userId`, `s`.`sessionId`, `s0`.`sessionId`, `t`.`userSessionId`, `t`.`userId0`
info: Microsoft.EntityFrameworkCore.Database.Command[20101]
      Executed DbCommand (1ms) [Parameters=[@___currentUser_UserName_0='github|70110830' (Size = -1)], CommandType='Text', CommandTimeout='30']
      SELECT `u`.`sessionId`, `u`.`createdOn`, `s0`.`modifiedOn`, `u`.`userSessionId`, `u0`.`userId`, `s`.`sessionId`, `s0`.`sessionId`, `t`.`UserId`, `t`.`UserName`, `t`.`Email`, `t`.`Status`, `t`.`Picture`, `t`.`Active`, `t`.`userSessionId`, `t`.`userId0`, `m`.`messageId`, `m`.`content`, `m`.`createdOn`, `m`.`isRead`, `m`.`userId`
      FROM `usersession` AS `u`
      INNER JOIN `user` AS `u0` ON `u`.`userId` = `u0`.`userId`
      INNER JOIN `session` AS `s` ON `u`.`sessionId` = `s`.`sessionId`
      INNER JOIN `session` AS `s0` ON `u`.`sessionId` = `s0`.`sessionId`
      LEFT JOIN (
          SELECT `u1`.`userId` AS `UserId`, `u2`.`username` AS `UserName`, `u2`.`email` AS `Email`, `u2`.`status` AS `Status`, `u2`.`picture` AS `Picture`, `u2`.`active` AS `Active`, `u1`.`userSessionId`, `u2`.`userId` AS `userId0`, `u1`.`sessionId`
          FROM `usersession` AS `u1`
          INNER JOIN `user` AS `u2` ON `u1`.`userId` = `u2`.`userId`
      ) AS `t` ON `s`.`sessionId` = `t`.`sessionId`
      LEFT JOIN `message` AS `m` ON `s`.`sessionId` = `m`.`sessionId`
      WHERE `u0`.`username` = @___currentUser_UserName_0
      ORDER BY `u`.`userSessionId`, `u0`.`userId`, `s`.`sessionId`, `s0`.`sessionId`, `t`.`userSessionId`, `t`.`userId0`
info: Microsoft.EntityFrameworkCore.Database.Command[20101]
      Executed DbCommand (2ms) [Parameters=[@___currentUser_UserName_0='github|70110830' (Size = -1)], CommandType='Text', CommandTimeout='30']
      SELECT `u`.`sessionId`, `u`.`createdOn`, `s0`.`modifiedOn`, `u`.`userSessionId`, `u0`.`userId`, `s`.`sessionId`, `s0`.`sessionId`, `t`.`UserId`, `t`.`UserName`, `t`.`Email`, `t`.`Status`, `t`.`Picture`, `t`.`Active`, `t`.`userSessionId`, `t`.`userId0`, `m`.`messageId`, `m`.`content`, `m`.`createdOn`, `m`.`isRead`, `m`.`userId`
      FROM `usersession` AS `u`
      INNER JOIN `user` AS `u0` ON `u`.`userId` = `u0`.`userId`
      INNER JOIN `session` AS `s` ON `u`.`sessionId` = `s`.`sessionId`
      INNER JOIN `session` AS `s0` ON `u`.`sessionId` = `s0`.`sessionId`
      LEFT JOIN (
          SELECT `u1`.`userId` AS `UserId`, `u2`.`username` AS `UserName`, `u2`.`email` AS `Email`, `u2`.`status` AS `Status`, `u2`.`picture` AS `Picture`, `u2`.`active` AS `Active`, `u1`.`userSessionId`, `u2`.`userId` AS `userId0`, `u1`.`sessionId`
          FROM `usersession` AS `u1`
          INNER JOIN `user` AS `u2` ON `u1`.`userId` = `u2`.`userId`
      ) AS `t` ON `s`.`sessionId` = `t`.`sessionId`
      LEFT JOIN `message` AS `m` ON `s`.`sessionId` = `m`.`sessionId`
      WHERE `u0`.`username` = @___currentUser_UserName_0
      ORDER BY `u`.`userSessionId`, `u0`.`userId`, `s`.`sessionId`, `s0`.`sessionId`, `t`.`userSessionId`, `t`.`userId0`
info: Microsoft.EntityFrameworkCore.Database.Command[20101]
      Executed DbCommand (2ms) [Parameters=[@___currentUser_UserName_0='github|70110830' (Size = -1)], CommandType='Text', CommandTimeout='30']
      SELECT `u`.`sessionId`, `u`.`createdOn`, `s0`.`modifiedOn`, `u`.`userSessionId`, `u0`.`userId`, `s`.`sessionId`, `s0`.`sessionId`, `t`.`UserId`, `t`.`UserName`, `t`.`Email`, `t`.`Status`, `t`.`Picture`, `t`.`Active`, `t`.`userSessionId`, `t`.`userId0`, `m`.`messageId`, `m`.`content`, `m`.`createdOn`, `m`.`isRead`, `m`.`userId`
      FROM `usersession` AS `u`
      INNER JOIN `user` AS `u0` ON `u`.`userId` = `u0`.`userId`
      INNER JOIN `session` AS `s` ON `u`.`sessionId` = `s`.`sessionId`
      INNER JOIN `session` AS `s0` ON `u`.`sessionId` = `s0`.`sessionId`
      LEFT JOIN (
          SELECT `u1`.`userId` AS `UserId`, `u2`.`username` AS `UserName`, `u2`.`email` AS `Email`, `u2`.`status` AS `Status`, `u2`.`picture` AS `Picture`, `u2`.`active` AS `Active`, `u1`.`userSessionId`, `u2`.`userId` AS `userId0`, `u1`.`sessionId`
          FROM `usersession` AS `u1`
          INNER JOIN `user` AS `u2` ON `u1`.`userId` = `u2`.`userId`
      ) AS `t` ON `s`.`sessionId` = `t`.`sessionId`
      LEFT JOIN `message` AS `m` ON `s`.`sessionId` = `m`.`sessionId`
      WHERE `u0`.`username` = @___currentUser_UserName_0
      ORDER BY `u`.`userSessionId`, `u0`.`userId`, `s`.`sessionId`, `s0`.`sessionId`, `t`.`userSessionId`, `t`.`userId0`
info: Microsoft.EntityFrameworkCore.Database.Command[20101]
      Executed DbCommand (1ms) [Parameters=[@___currentUser_UserName_0='github|70110830' (Size = -1)], CommandType='Text', CommandTimeout='30']
      SELECT `u`.`userId`, `u`.`active`, `u`.`DisplayName`, `u`.`email`, `u`.`picture`, `u`.`status`, `u`.`username`
      FROM `user` AS `u`
      WHERE `u`.`username` = @___currentUser_UserName_0
      LIMIT 1
info: Microsoft.EntityFrameworkCore.Database.Command[20101]
      Executed DbCommand (0ms) [Parameters=[@___currentUser_UserName_0='github|70110830' (Size = -1)], CommandType='Text', CommandTimeout='30']
      SELECT `u`.`userId`, `u`.`active`, `u`.`DisplayName`, `u`.`email`, `u`.`picture`, `u`.`status`, `u`.`username`
      FROM `user` AS `u`
      WHERE `u`.`username` = @___currentUser_UserName_0
      LIMIT 1
info: Microsoft.EntityFrameworkCore.Database.Command[20101]
      Executed DbCommand (0ms) [Parameters=[], CommandType='Text', CommandTimeout='30']
      SELECT `u`.`userId` AS `UserId`, `u`.`username` AS `UserName`, `u`.`email` AS `Email`, `u`.`active` AS `Active`, `u`.`status` AS `Status`, `u`.`picture` AS `Picture`, `u`.`DisplayName`
      FROM `user` AS `u`
      WHERE `u`.`active` = 1
info: Microsoft.EntityFrameworkCore.Database.Command[20101]
      Executed DbCommand (0ms) [Parameters=[], CommandType='Text', CommandTimeout='30']
      SELECT `u`.`userId` AS `UserId`, `u`.`username` AS `UserName`, `u`.`email` AS `Email`, `u`.`active` AS `Active`, `u`.`status` AS `Status`, `u`.`picture` AS `Picture`, `u`.`DisplayName`
      FROM `user` AS `u`
      WHERE `u`.`active` = 1
info: Microsoft.Hosting.Lifetime[0]
      Application is shutting down...
